<?xml version="1.0" encoding="UTF-8"?>
<!-- Generated by org.testng.reporters.JUnitXMLReporter -->
<testsuite hostname="raju" ignored="0" name="Command line test" tests="1" failures="0" timestamp="20 Sep 2017 16:03:58 GMT" time="0.457" errors="0">
  <testcase name="@BeforeClass openApp" time="0.0" classname="com.Baseclass.BaseTest">
    <failure type="java.lang.IllegalStateException" message="The path to the driver executable must be set by the webdriver.gecko.driver system property; for more information, see https://github.com/mozilla/geckodriver. The latest version can be downloaded from https://github.com/mozilla/geckodriver/releases">
      <![CDATA[java.lang.IllegalStateException: The path to the driver executable must be set by the webdriver.gecko.driver system property; for more information, see https://github.com/mozilla/geckodriver. The latest version can be downloaded from https://github.com/mozilla/geckodriver/releases
	at com.google.common.base.Preconditions.checkState(Preconditions.java:738)
	at org.openqa.selenium.remote.service.DriverService.findExecutable(DriverService.java:124)
	at org.openqa.selenium.firefox.GeckoDriverService.access$100(GeckoDriverService.java:41)
	at org.openqa.selenium.firefox.GeckoDriverService$Builder.findDefaultExecutable(GeckoDriverService.java:115)
	at org.openqa.selenium.remote.service.DriverService$Builder.build(DriverService.java:330)
	at org.openqa.selenium.firefox.FirefoxDriver.toExecutor(FirefoxDriver.java:207)
	at org.openqa.selenium.firefox.FirefoxDriver.<init>(FirefoxDriver.java:108)
	at org.openqa.selenium.firefox.FirefoxDriver.<init>(FirefoxDriver.java:104)
	at com.Baseclass.BaseTest.openApp(BaseTest.java:16)
... Removed 35 stack frames]]>
    </failure>
  </testcase> <!-- @BeforeClass openApp -->
  <testcase name="@AfterClass closebrowser" time="0.0" classname="com.Baseclass.BaseTest">
    <skipped/>
  </testcase> <!-- @AfterClass closebrowser -->
  <testcase name="loginma" time="0.01" classname="com.testScripts.Login_Test">
    <skipped/>
  </testcase> <!-- loginma -->
</testsuite> <!-- Command line test -->
